\standalonepreambles
\subpreamble{Chapters/00Abstract.tex}

\endsubpreamble
\subpreamble{Chapters/02Abbreviations.tex}

\endsubpreamble
\subpreamble{Chapters/03Introduction.tex}
\usepackage {graphicx}\graphicspath {{../Figures}}
\endsubpreamble
\subpreamble{Chapters/04Theory.tex}
\usepackage {graphicx}\graphicspath {{../Figures}}\usepackage {amsmath}\usepackage {cleveref}
\endsubpreamble
\subpreamble{Chapters/05Method.tex}
\usepackage {graphicx}\graphicspath {{../Figures}}\usepackage {cleveref}
\endsubpreamble
\subpreamble{Chapters/06Results.tex}
\usepackage {graphicx}\graphicspath {{../Figures}}
\endsubpreamble
\subpreamble{Chapters/07Discussion.tex}
\usepackage {graphicx}\graphicspath {{../Figures}}
\endsubpreamble
\subpreamble{Chapters/08Conclusion.tex}
\usepackage {graphicx}\graphicspath {{../Figures}}
\endsubpreamble
\endstandalonepreambles
